# JRE version: OpenJDK Runtime Environment (8.0_152-b01) (build 1.8.0_152-release-915-b01)
# Java VM: OpenJDK 64-Bit Server VM (25.152-b01 mixed mode windows-amd64 compressed oops)
Heap:
 PSYoungGen      total 93696K, used 12927K [0x00000000e0000000, 0x00000000e8180000, 0x0000000100000000)
  eden space 81920K, 5% used [0x00000000e0000000,0x00000000e048ed78,0x00000000e5000000)
  from space 11776K, 70% used [0x00000000e5000000,0x00000000e5811118,0x00000000e5b80000)
  to   space 11264K, 0% used [0x00000000e7680000,0x00000000e7680000,0x00000000e8180000)
 ParOldGen       total 87040K, used 15762K [0x00000000a0000000, 0x00000000a5500000, 0x00000000e0000000)
  object space 87040K, 18% used [0x00000000a0000000,0x00000000a0f64a70,0x00000000a5500000)
 Metaspace       used 43313K, capacity 44212K, committed 44504K, reserved 1087488K
  class space    used 5740K, capacity 6059K, committed 6144K, reserved 1048576K
GC Heap History (10 events):
Event: 8.301 GC heap before
{Heap before GC invocations=7 (full 1):
 PSYoungGen      total 56320K, used 56318K [0x00000000e0000000, 0x00000000e4600000, 0x0000000100000000)
  eden space 48128K, 100% used [0x00000000e0000000,0x00000000e2f00000,0x00000000e2f00000)
  from space 8192K, 99% used [0x00000000e3000000,0x00000000e37ffa38,0x00000000e3800000)
  to   space 11776K, 0% used [0x00000000e3a80000,0x00000000e3a80000,0x00000000e4600000)
 ParOldGen       total 60928K, used 9658K [0x00000000a0000000, 0x00000000a3b80000, 0x00000000e0000000)
  object space 60928K, 15% used [0x00000000a0000000,0x00000000a096e9d0,0x00000000a3b80000)
 Metaspace       used 31376K, capacity 32054K, committed 32256K, reserved 1077248K
  class space    used 4323K, capacity 4584K, committed 4608K, reserved 1048576K
Event: 8.307 GC heap after
Heap after GC invocations=7 (full 1):
 PSYoungGen      total 60416K, used 8245K [0x00000000e0000000, 0x00000000e6400000, 0x0000000100000000)
  eden space 48640K, 0% used [0x00000000e0000000,0x00000000e0000000,0x00000000e2f80000)
  from space 11776K, 70% used [0x00000000e3a80000,0x00000000e428d798,0x00000000e4600000)
  to   space 11264K, 0% used [0x00000000e2f80000,0x00000000e2f80000,0x00000000e3a80000)
 ParOldGen       total 60928K, used 9730K [0x00000000a0000000, 0x00000000a3b80000, 0x00000000e0000000)
  object space 60928K, 15% used [0x00000000a0000000,0x00000000a09809e0,0x00000000a3b80000)
 Metaspace       used 31376K, capacity 32054K, committed 32256K, reserved 1077248K
  class space    used 4323K, capacity 4584K, committed 4608K, reserved 1048576K
}
Event: 8.880 GC heap before
{Heap before GC invocations=8 (full 1):
 PSYoungGen      total 60416K, used 56885K [0x00000000e0000000, 0x00000000e6400000, 0x0000000100000000)
  eden space 48640K, 100% used [0x00000000e0000000,0x00000000e2f80000,0x00000000e2f80000)
  from space 11776K, 70% used [0x00000000e3a80000,0x00000000e428d798,0x00000000e4600000)
  to   space 11264K, 0% used [0x00000000e2f80000,0x00000000e2f80000,0x00000000e3a80000)
 ParOldGen       total 60928K, used 9730K [0x00000000a0000000, 0x00000000a3b80000, 0x00000000e0000000)
  object space 60928K, 15% used [0x00000000a0000000,0x00000000a09809e0,0x00000000a3b80000)
 Metaspace       used 33786K, capacity 34394K, committed 34560K, reserved 1079296K
  class space    used 4596K, capacity 4850K, committed 4864K, reserved 1048576K
Event: 8.886 GC heap after
Heap after GC invocations=8 (full 1):
 PSYoungGen      total 59904K, used 10026K [0x00000000e0000000, 0x00000000e6780000, 0x0000000100000000)
  eden space 48640K, 0% used [0x00000000e0000000,0x00000000e0000000,0x00000000e2f80000)
  from space 11264K, 89% used [0x00000000e2f80000,0x00000000e394aad0,0x00000000e3a80000)
  to   space 12288K, 0% used [0x00000000e5b80000,0x00000000e5b80000,0x00000000e6780000)
 ParOldGen       total 60928K, used 9738K [0x00000000a0000000, 0x00000000a3b80000, 0x00000000e0000000)
  object space 60928K, 15% used [0x00000000a0000000,0x00000000a09829e0,0x00000000a3b80000)
 Metaspace       used 33786K, capacity 34394K, committed 34560K, reserved 1079296K
  class space    used 4596K, capacity 4850K, committed 4864K, reserved 1048576K
}
Event: 8.956 GC heap before
{Heap before GC invocations=9 (full 1):
 PSYoungGen      total 59904K, used 17309K [0x00000000e0000000, 0x00000000e6780000, 0x0000000100000000)
  eden space 48640K, 14% used [0x00000000e0000000,0x00000000e071cbd0,0x00000000e2f80000)
  from space 11264K, 89% used [0x00000000e2f80000,0x00000000e394aad0,0x00000000e3a80000)
  to   space 12288K, 0% used [0x00000000e5b80000,0x00000000e5b80000,0x00000000e6780000)
 ParOldGen       total 60928K, used 9738K [0x00000000a0000000, 0x00000000a3b80000, 0x00000000e0000000)
  object space 60928K, 15% used [0x00000000a0000000,0x00000000a09829e0,0x00000000a3b80000)
 Metaspace       used 34735K, capacity 35350K, committed 35416K, reserved 1079296K
  class space    used 4690K, capacity 4953K, committed 4992K, reserved 1048576K
Event: 8.961 GC heap after
Heap after GC invocations=9 (full 1):
 PSYoungGen      total 94208K, used 7492K [0x00000000e0000000, 0x00000000e6f80000, 0x0000000100000000)
  eden space 81920K, 0% used [0x00000000e0000000,0x00000000e0000000,0x00000000e5000000)
  from space 12288K, 60% used [0x00000000e5b80000,0x00000000e62d1110,0x00000000e6780000)
  to   space 11776K, 0% used [0x00000000e5000000,0x00000000e5000000,0x00000000e5b80000)
 ParOldGen       total 60928K, used 12017K [0x00000000a0000000, 0x00000000a3b80000, 0x00000000e0000000)
  object space 60928K, 19% used [0x00000000a0000000,0x00000000a0bbc5a8,0x00000000a3b80000)
 Metaspace       used 34735K, capacity 35350K, committed 35416K, reserved 1079296K
  class space    used 4690K, capacity 4953K, committed 4992K, reserved 1048576K
}
Event: 8.961 GC heap before
{Heap before GC invocations=10 (full 2):
 PSYoungGen      total 94208K, used 7492K [0x00000000e0000000, 0x00000000e6f80000, 0x0000000100000000)
  eden space 81920K, 0% used [0x00000000e0000000,0x00000000e0000000,0x00000000e5000000)
  from space 12288K, 60% used [0x00000000e5b80000,0x00000000e62d1110,0x00000000e6780000)
  to   space 11776K, 0% used [0x00000000e5000000,0x00000000e5000000,0x00000000e5b80000)
 ParOldGen       total 60928K, used 12017K [0x00000000a0000000, 0x00000000a3b80000, 0x00000000e0000000)
  object space 60928K, 19% used [0x00000000a0000000,0x00000000a0bbc5a8,0x00000000a3b80000)
 Metaspace       used 34735K, capacity 35350K, committed 35416K, reserved 1079296K
  class space    used 4690K, capacity 4953K, committed 4992K, reserved 1048576K
Event: 9.023 GC heap after
Heap after GC invocations=10 (full 2):
 PSYoungGen      total 94208K, used 0K [0x00000000e0000000, 0x00000000e6f80000, 0x0000000100000000)
  eden space 81920K, 0% used [0x00000000e0000000,0x00000000e0000000,0x00000000e5000000)
  from space 12288K, 0% used [0x00000000e5b80000,0x00000000e5b80000,0x00000000e6780000)
  to   space 11776K, 0% used [0x00000000e5000000,0x00000000e5000000,0x00000000e5b80000)
 ParOldGen       total 87040K, used 15754K [0x00000000a0000000, 0x00000000a5500000, 0x00000000e0000000)
  object space 87040K, 18% used [0x00000000a0000000,0x00000000a0f62a70,0x00000000a5500000)
 Metaspace       used 34735K, capacity 35350K, committed 35416K, reserved 1079296K
  class space    used 4690K, capacity 4953K, committed 4992K, reserved 1048576K
}
Event: 9.809 GC heap before
{Heap before GC invocations=11 (full 2):
 PSYoungGen      total 94208K, used 81920K [0x00000000e0000000, 0x00000000e6f80000, 0x0000000100000000)
  eden space 81920K, 100% used [0x00000000e0000000,0x00000000e5000000,0x00000000e5000000)
  from space 12288K, 0% used [0x00000000e5b80000,0x00000000e5b80000,0x00000000e6780000)
  to   space 11776K, 0% used [0x00000000e5000000,0x00000000e5000000,0x00000000e5b80000)
 ParOldGen       total 87040K, used 15754K [0x00000000a0000000, 0x00000000a5500000, 0x00000000e0000000)
  object space 87040K, 18% used [0x00000000a0000000,0x00000000a0f62a70,0x00000000a5500000)
 Metaspace       used 42945K, capacity 43854K, committed 44248K, reserved 1087488K
  class space    used 5699K, capacity 6026K, committed 6144K, reserved 1048576K
Event: 9.816 GC heap after
Heap after GC invocations=11 (full 2):
 PSYoungGen      total 93696K, used 8260K [0x00000000e0000000, 0x00000000e8180000, 0x0000000100000000)
  eden space 81920K, 0% used [0x00000000e0000000,0x00000000e0000000,0x00000000e5000000)
  from space 11776K, 70% used [0x00000000e5000000,0x00000000e5811118,0x00000000e5b80000)
  to   space 11264K, 0% used [0x00000000e7680000,0x00000000e7680000,0x00000000e8180000)
 ParOldGen       total 87040K, used 15762K [0x00000000a0000000, 0x00000000a5500000, 0x00000000e0000000)
  object space 87040K, 18% used [0x00000000a0000000,0x00000000a0f64a70,0x00000000a5500000)
 Metaspace       used 42945K, capacity 43854K, committed 44248K, reserved 1087488K
  class space    used 5699K, capacity 6026K, committed 6144K, reserved 1048576K
}

