# JRE version: OpenJDK Runtime Environment (8.0_152-b01) (build 1.8.0_152-release-915-b01)
# Java VM: OpenJDK 64-Bit Server VM (25.152-b01 mixed mode windows-amd64 compressed oops)
Heap:
 PSYoungGen      total 99840K, used 31910K [0x00000000e0000000, 0x00000000e7380000, 0x0000000100000000)
  eden space 92672K, 34% used [0x00000000e0000000,0x00000000e1f29b50,0x00000000e5a80000)
  from space 7168K, 0% used [0x00000000e6c80000,0x00000000e6c80000,0x00000000e7380000)
  to   space 12800K, 0% used [0x00000000e5a80000,0x00000000e5a80000,0x00000000e6700000)
 ParOldGen       total 90624K, used 16582K [0x00000000a0000000, 0x00000000a5880000, 0x00000000e0000000)
  object space 90624K, 18% used [0x00000000a0000000,0x00000000a10318f8,0x00000000a5880000)
 Metaspace       used 38463K, capacity 39222K, committed 39424K, reserved 1083392K
  class space    used 5206K, capacity 5532K, committed 5632K, reserved 1048576K
GC Heap History (10 events):
Event: 3.442 GC heap before
{Heap before GC invocations=7 (full 1):
 PSYoungGen      total 57344K, used 57223K [0x00000000e0000000, 0x00000000e5900000, 0x0000000100000000)
  eden space 49152K, 100% used [0x00000000e0000000,0x00000000e3000000,0x00000000e3000000)
  from space 8192K, 98% used [0x00000000e3000000,0x00000000e37e1dc0,0x00000000e3800000)
  to   space 11264K, 0% used [0x00000000e4e00000,0x00000000e4e00000,0x00000000e5900000)
 ParOldGen       total 90624K, used 9504K [0x00000000a0000000, 0x00000000a5880000, 0x00000000e0000000)
  object space 90624K, 10% used [0x00000000a0000000,0x00000000a0948130,0x00000000a5880000)
 Metaspace       used 31368K, capacity 32054K, committed 32256K, reserved 1077248K
  class space    used 4321K, capacity 4584K, committed 4608K, reserved 1048576K
Event: 3.449 GC heap after
Heap after GC invocations=7 (full 1):
 PSYoungGen      total 79872K, used 8289K [0x00000000e0000000, 0x00000000e5b00000, 0x0000000100000000)
  eden space 68608K, 0% used [0x00000000e0000000,0x00000000e0000000,0x00000000e4300000)
  from space 11264K, 73% used [0x00000000e4e00000,0x00000000e5618520,0x00000000e5900000)
  to   space 11264K, 0% used [0x00000000e4300000,0x00000000e4300000,0x00000000e4e00000)
 ParOldGen       total 90624K, used 9512K [0x00000000a0000000, 0x00000000a5880000, 0x00000000e0000000)
  object space 90624K, 10% used [0x00000000a0000000,0x00000000a094a130,0x00000000a5880000)
 Metaspace       used 31368K, capacity 32054K, committed 32256K, reserved 1077248K
  class space    used 4321K, capacity 4584K, committed 4608K, reserved 1048576K
}
Event: 3.917 GC heap before
{Heap before GC invocations=8 (full 1):
 PSYoungGen      total 79872K, used 60399K [0x00000000e0000000, 0x00000000e5b00000, 0x0000000100000000)
  eden space 68608K, 75% used [0x00000000e0000000,0x00000000e32e3910,0x00000000e4300000)
  from space 11264K, 73% used [0x00000000e4e00000,0x00000000e5618520,0x00000000e5900000)
  to   space 11264K, 0% used [0x00000000e4300000,0x00000000e4300000,0x00000000e4e00000)
 ParOldGen       total 90624K, used 9512K [0x00000000a0000000, 0x00000000a5880000, 0x00000000e0000000)
  object space 90624K, 10% used [0x00000000a0000000,0x00000000a094a130,0x00000000a5880000)
 Metaspace       used 34577K, capacity 35284K, committed 35416K, reserved 1079296K
  class space    used 4724K, capacity 5006K, committed 5120K, reserved 1048576K
Event: 3.923 GC heap after
Heap after GC invocations=8 (full 1):
 PSYoungGen      total 79872K, used 10490K [0x00000000e0000000, 0x00000000e7880000, 0x0000000100000000)
  eden space 68608K, 0% used [0x00000000e0000000,0x00000000e0000000,0x00000000e4300000)
  from space 11264K, 93% used [0x00000000e4300000,0x00000000e4d3e938,0x00000000e4e00000)
  to   space 12288K, 0% used [0x00000000e6c80000,0x00000000e6c80000,0x00000000e7880000)
 ParOldGen       total 90624K, used 9584K [0x00000000a0000000, 0x00000000a5880000, 0x00000000e0000000)
  object space 90624K, 10% used [0x00000000a0000000,0x00000000a095c140,0x00000000a5880000)
 Metaspace       used 34577K, capacity 35284K, committed 35416K, reserved 1079296K
  class space    used 4724K, capacity 5006K, committed 5120K, reserved 1048576K
}
Event: 3.923 GC heap before
{Heap before GC invocations=9 (full 2):
 PSYoungGen      total 79872K, used 10490K [0x00000000e0000000, 0x00000000e7880000, 0x0000000100000000)
  eden space 68608K, 0% used [0x00000000e0000000,0x00000000e0000000,0x00000000e4300000)
  from space 11264K, 93% used [0x00000000e4300000,0x00000000e4d3e938,0x00000000e4e00000)
  to   space 12288K, 0% used [0x00000000e6c80000,0x00000000e6c80000,0x00000000e7880000)
 ParOldGen       total 90624K, used 9584K [0x00000000a0000000, 0x00000000a5880000, 0x00000000e0000000)
  object space 90624K, 10% used [0x00000000a0000000,0x00000000a095c140,0x00000000a5880000)
 Metaspace       used 34577K, capacity 35284K, committed 35416K, reserved 1079296K
  class space    used 4724K, capacity 5006K, committed 5120K, reserved 1048576K
Event: 3.979 GC heap after
Heap after GC invocations=9 (full 2):
 PSYoungGen      total 79872K, used 0K [0x00000000e0000000, 0x00000000e7880000, 0x0000000100000000)
  eden space 68608K, 0% used [0x00000000e0000000,0x00000000e0000000,0x00000000e4300000)
  from space 11264K, 0% used [0x00000000e4300000,0x00000000e4300000,0x00000000e4e00000)
  to   space 12288K, 0% used [0x00000000e6c80000,0x00000000e6c80000,0x00000000e7880000)
 ParOldGen       total 90624K, used 16472K [0x00000000a0000000, 0x00000000a5880000, 0x00000000e0000000)
  object space 90624K, 18% used [0x00000000a0000000,0x00000000a1016050,0x00000000a5880000)
 Metaspace       used 34577K, capacity 35284K, committed 35416K, reserved 1079296K
  class space    used 4724K, capacity 5006K, committed 5120K, reserved 1048576K
}
Event: 4.122 GC heap before
{Heap before GC invocations=10 (full 2):
 PSYoungGen      total 79872K, used 14890K [0x00000000e0000000, 0x00000000e7880000, 0x0000000100000000)
  eden space 68608K, 21% used [0x00000000e0000000,0x00000000e0e8a9f0,0x00000000e4300000)
  from space 11264K, 0% used [0x00000000e4300000,0x00000000e4300000,0x00000000e4e00000)
  to   space 12288K, 0% used [0x00000000e6c80000,0x00000000e6c80000,0x00000000e7880000)
 ParOldGen       total 90624K, used 16472K [0x00000000a0000000, 0x00000000a5880000, 0x00000000e0000000)
  object space 90624K, 18% used [0x00000000a0000000,0x00000000a1016050,0x00000000a5880000)
 Metaspace       used 37304K, capacity 38088K, committed 38144K, reserved 1081344K
  class space    used 5057K, capacity 5369K, committed 5376K, reserved 1048576K
Event: 4.125 GC heap after
Heap after GC invocations=10 (full 2):
 PSYoungGen      total 99840K, used 2277K [0x00000000e0000000, 0x00000000e7380000, 0x0000000100000000)
  eden space 92672K, 0% used [0x00000000e0000000,0x00000000e0000000,0x00000000e5a80000)
  from space 7168K, 31% used [0x00000000e6c80000,0x00000000e6eb95c8,0x00000000e7380000)
  to   space 12800K, 0% used [0x00000000e5a80000,0x00000000e5a80000,0x00000000e6700000)
 ParOldGen       total 90624K, used 16480K [0x00000000a0000000, 0x00000000a5880000, 0x00000000e0000000)
  object space 90624K, 18% used [0x00000000a0000000,0x00000000a1018050,0x00000000a5880000)
 Metaspace       used 37304K, capacity 38088K, committed 38144K, reserved 1081344K
  class space    used 5057K, capacity 5369K, committed 5376K, reserved 1048576K
}
Event: 4.125 GC heap before
{Heap before GC invocations=11 (full 3):
 PSYoungGen      total 99840K, used 2277K [0x00000000e0000000, 0x00000000e7380000, 0x0000000100000000)
  eden space 92672K, 0% used [0x00000000e0000000,0x00000000e0000000,0x00000000e5a80000)
  from space 7168K, 31% used [0x00000000e6c80000,0x00000000e6eb95c8,0x00000000e7380000)
  to   space 12800K, 0% used [0x00000000e5a80000,0x00000000e5a80000,0x00000000e6700000)
 ParOldGen       total 90624K, used 16480K [0x00000000a0000000, 0x00000000a5880000, 0x00000000e0000000)
  object space 90624K, 18% used [0x00000000a0000000,0x00000000a1018050,0x00000000a5880000)
 Metaspace       used 37304K, capacity 38088K, committed 38144K, reserved 1081344K
  class space    used 5057K, capacity 5369K, committed 5376K, reserved 1048576K
Event: 4.211 GC heap after
Heap after GC invocations=11 (full 3):
 PSYoungGen      total 99840K, used 0K [0x00000000e0000000, 0x00000000e7380000, 0x0000000100000000)
  eden space 92672K, 0% used [0x00000000e0000000,0x00000000e0000000,0x00000000e5a80000)
  from space 7168K, 0% used [0x00000000e6c80000,0x00000000e6c80000,0x00000000e7380000)
  to   space 12800K, 0% used [0x00000000e5a80000,0x00000000e5a80000,0x00000000e6700000)
 ParOldGen       total 90624K, used 16582K [0x00000000a0000000, 0x00000000a5880000, 0x00000000e0000000)
  object space 90624K, 18% used [0x00000000a0000000,0x00000000a10318f8,0x00000000a5880000)
 Metaspace       used 37304K, capacity 38088K, committed 38144K, reserved 1081344K
  class space    used 5057K, capacity 5369K, committed 5376K, reserved 1048576K
}

