# JRE version: OpenJDK Runtime Environment (8.0_152-b01) (build 1.8.0_152-release-915-b01)
# Java VM: OpenJDK 64-Bit Server VM (25.152-b01 mixed mode windows-amd64 compressed oops)
Heap:
 PSYoungGen      total 100864K, used 78683K [0x00000000e0000000, 0x00000000e7180000, 0x0000000100000000)
  eden space 91648K, 75% used [0x00000000e0000000,0x00000000e43d7268,0x00000000e5980000)
  from space 9216K, 99% used [0x00000000e6880000,0x00000000e717fbb8,0x00000000e7180000)
  to   space 12288K, 0% used [0x00000000e5980000,0x00000000e5980000,0x00000000e6580000)
 ParOldGen       total 90112K, used 20957K [0x00000000a0000000, 0x00000000a5800000, 0x00000000e0000000)
  object space 90112K, 23% used [0x00000000a0000000,0x00000000a1477648,0x00000000a5800000)
 Metaspace       used 52324K, capacity 53988K, committed 54232K, reserved 1095680K
  class space    used 7096K, capacity 7581K, committed 7680K, reserved 1048576K
GC Heap History (10 events):
Event: 4.481 GC heap before
{Heap before GC invocations=8 (full 1):
 PSYoungGen      total 78336K, used 60263K [0x00000000e0000000, 0x00000000e5880000, 0x0000000100000000)
  eden space 67072K, 77% used [0x00000000e0000000,0x00000000e32d24b0,0x00000000e4180000)
  from space 11264K, 72% used [0x00000000e4c80000,0x00000000e5487938,0x00000000e5780000)
  to   space 11264K, 0% used [0x00000000e4180000,0x00000000e4180000,0x00000000e4c80000)
 ParOldGen       total 90112K, used 9517K [0x00000000a0000000, 0x00000000a5800000, 0x00000000e0000000)
  object space 90112K, 10% used [0x00000000a0000000,0x00000000a094b7e0,0x00000000a5800000)
 Metaspace       used 34394K, capacity 35172K, committed 35416K, reserved 1079296K
  class space    used 4692K, capacity 4974K, committed 4992K, reserved 1048576K
Event: 4.487 GC heap after
Heap after GC invocations=8 (full 1):
 PSYoungGen      total 78336K, used 10495K [0x00000000e0000000, 0x00000000e7480000, 0x0000000100000000)
  eden space 67072K, 0% used [0x00000000e0000000,0x00000000e0000000,0x00000000e4180000)
  from space 11264K, 93% used [0x00000000e4180000,0x00000000e4bbfd00,0x00000000e4c80000)
  to   space 12288K, 0% used [0x00000000e6880000,0x00000000e6880000,0x00000000e7480000)
 ParOldGen       total 90112K, used 9589K [0x00000000a0000000, 0x00000000a5800000, 0x00000000e0000000)
  object space 90112K, 10% used [0x00000000a0000000,0x00000000a095d7f0,0x00000000a5800000)
 Metaspace       used 34394K, capacity 35172K, committed 35416K, reserved 1079296K
  class space    used 4692K, capacity 4974K, committed 4992K, reserved 1048576K
}
Event: 4.487 GC heap before
{Heap before GC invocations=9 (full 2):
 PSYoungGen      total 78336K, used 10495K [0x00000000e0000000, 0x00000000e7480000, 0x0000000100000000)
  eden space 67072K, 0% used [0x00000000e0000000,0x00000000e0000000,0x00000000e4180000)
  from space 11264K, 93% used [0x00000000e4180000,0x00000000e4bbfd00,0x00000000e4c80000)
  to   space 12288K, 0% used [0x00000000e6880000,0x00000000e6880000,0x00000000e7480000)
 ParOldGen       total 90112K, used 9589K [0x00000000a0000000, 0x00000000a5800000, 0x00000000e0000000)
  object space 90112K, 10% used [0x00000000a0000000,0x00000000a095d7f0,0x00000000a5800000)
 Metaspace       used 34394K, capacity 35172K, committed 35416K, reserved 1079296K
  class space    used 4692K, capacity 4974K, committed 4992K, reserved 1048576K
Event: 4.545 GC heap after
Heap after GC invocations=9 (full 2):
 PSYoungGen      total 78336K, used 0K [0x00000000e0000000, 0x00000000e7480000, 0x0000000100000000)
  eden space 67072K, 0% used [0x00000000e0000000,0x00000000e0000000,0x00000000e4180000)
  from space 11264K, 0% used [0x00000000e4180000,0x00000000e4180000,0x00000000e4c80000)
  to   space 12288K, 0% used [0x00000000e6880000,0x00000000e6880000,0x00000000e7480000)
 ParOldGen       total 90112K, used 16460K [0x00000000a0000000, 0x00000000a5800000, 0x00000000e0000000)
  object space 90112K, 18% used [0x00000000a0000000,0x00000000a10133f0,0x00000000a5800000)
 Metaspace       used 34394K, capacity 35172K, committed 35416K, reserved 1079296K
  class space    used 4692K, capacity 4974K, committed 4992K, reserved 1048576K
}
Event: 4.993 GC heap before
{Heap before GC invocations=10 (full 2):
 PSYoungGen      total 78336K, used 67072K [0x00000000e0000000, 0x00000000e7480000, 0x0000000100000000)
  eden space 67072K, 100% used [0x00000000e0000000,0x00000000e4180000,0x00000000e4180000)
  from space 11264K, 0% used [0x00000000e4180000,0x00000000e4180000,0x00000000e4c80000)
  to   space 12288K, 0% used [0x00000000e6880000,0x00000000e6880000,0x00000000e7480000)
 ParOldGen       total 90112K, used 16460K [0x00000000a0000000, 0x00000000a5800000, 0x00000000e0000000)
  object space 90112K, 18% used [0x00000000a0000000,0x00000000a10133f0,0x00000000a5800000)
 Metaspace       used 40254K, capacity 41050K, committed 41304K, reserved 1085440K
  class space    used 5415K, capacity 5760K, committed 5760K, reserved 1048576K
Event: 4.999 GC heap after
Heap after GC invocations=10 (full 2):
 PSYoungGen      total 100864K, used 6081K [0x00000000e0000000, 0x00000000e7180000, 0x0000000100000000)
  eden space 91648K, 0% used [0x00000000e0000000,0x00000000e0000000,0x00000000e5980000)
  from space 9216K, 65% used [0x00000000e6880000,0x00000000e6e705e8,0x00000000e7180000)
  to   space 12288K, 0% used [0x00000000e5980000,0x00000000e5980000,0x00000000e6580000)
 ParOldGen       total 90112K, used 16468K [0x00000000a0000000, 0x00000000a5800000, 0x00000000e0000000)
  object space 90112K, 18% used [0x00000000a0000000,0x00000000a10153f0,0x00000000a5800000)
 Metaspace       used 40254K, capacity 41050K, committed 41304K, reserved 1085440K
  class space    used 5415K, capacity 5760K, committed 5760K, reserved 1048576K
}
Event: 5.767 GC heap before
{Heap before GC invocations=11 (full 2):
 PSYoungGen      total 100864K, used 97729K [0x00000000e0000000, 0x00000000e7180000, 0x0000000100000000)
  eden space 91648K, 100% used [0x00000000e0000000,0x00000000e5980000,0x00000000e5980000)
  from space 9216K, 65% used [0x00000000e6880000,0x00000000e6e705e8,0x00000000e7180000)
  to   space 12288K, 0% used [0x00000000e5980000,0x00000000e5980000,0x00000000e6580000)
 ParOldGen       total 90112K, used 16468K [0x00000000a0000000, 0x00000000a5800000, 0x00000000e0000000)
  object space 90112K, 18% used [0x00000000a0000000,0x00000000a10153f0,0x00000000a5800000)
 Metaspace       used 46868K, capacity 47940K, committed 48216K, reserved 1091584K
  class space    used 6303K, capacity 6708K, committed 6784K, reserved 1048576K
Event: 5.775 GC heap after
Heap after GC invocations=11 (full 2):
 PSYoungGen      total 103936K, used 12280K [0x00000000e0000000, 0x00000000e7180000, 0x0000000100000000)
  eden space 91648K, 0% used [0x00000000e0000000,0x00000000e0000000,0x00000000e5980000)
  from space 12288K, 99% used [0x00000000e5980000,0x00000000e657e120,0x00000000e6580000)
  to   space 9216K, 0% used [0x00000000e6880000,0x00000000e6880000,0x00000000e7180000)
 ParOldGen       total 90112K, used 17096K [0x00000000a0000000, 0x00000000a5800000, 0x00000000e0000000)
  object space 90112K, 18% used [0x00000000a0000000,0x00000000a10b21a0,0x00000000a5800000)
 Metaspace       used 46868K, capacity 47940K, committed 48216K, reserved 1091584K
  class space    used 6303K, capacity 6708K, committed 6784K, reserved 1048576K
}
Event: 6.074 GC heap before
{Heap before GC invocations=12 (full 2):
 PSYoungGen      total 103936K, used 103928K [0x00000000e0000000, 0x00000000e7180000, 0x0000000100000000)
  eden space 91648K, 100% used [0x00000000e0000000,0x00000000e5980000,0x00000000e5980000)
  from space 12288K, 99% used [0x00000000e5980000,0x00000000e657e120,0x00000000e6580000)
  to   space 9216K, 0% used [0x00000000e6880000,0x00000000e6880000,0x00000000e7180000)
 ParOldGen       total 90112K, used 17096K [0x00000000a0000000, 0x00000000a5800000, 0x00000000e0000000)
  object space 90112K, 18% used [0x00000000a0000000,0x00000000a10b21a0,0x00000000a5800000)
 Metaspace       used 47299K, capacity 48380K, committed 48472K, reserved 1091584K
  class space    used 6320K, capacity 6718K, committed 6784K, reserved 1048576K
Event: 6.082 GC heap after
Heap after GC invocations=12 (full 2):
 PSYoungGen      total 100864K, used 9214K [0x00000000e0000000, 0x00000000e7180000, 0x0000000100000000)
  eden space 91648K, 0% used [0x00000000e0000000,0x00000000e0000000,0x00000000e5980000)
  from space 9216K, 99% used [0x00000000e6880000,0x00000000e717fbb8,0x00000000e7180000)
  to   space 12288K, 0% used [0x00000000e5980000,0x00000000e5980000,0x00000000e6580000)
 ParOldGen       total 90112K, used 20957K [0x00000000a0000000, 0x00000000a5800000, 0x00000000e0000000)
  object space 90112K, 23% used [0x00000000a0000000,0x00000000a1477648,0x00000000a5800000)
 Metaspace       used 47299K, capacity 48380K, committed 48472K, reserved 1091584K
  class space    used 6320K, capacity 6718K, committed 6784K, reserved 1048576K
}

