# JRE version: OpenJDK Runtime Environment (8.0_152-b01) (build 1.8.0_152-release-915-b01)
# Java VM: OpenJDK 64-Bit Server VM (25.152-b01 mixed mode windows-amd64 compressed oops)
Heap:
 PSYoungGen      total 79360K, used 26148K [0x00000000e0000000, 0x00000000e5880000, 0x0000000100000000)
  eden space 69120K, 29% used [0x00000000e0000000,0x00000000e13de998,0x00000000e4380000)
  from space 10240K, 56% used [0x00000000e4e80000,0x00000000e542a980,0x00000000e5880000)
  to   space 10752K, 0% used [0x00000000e4380000,0x00000000e4380000,0x00000000e4e00000)
 ParOldGen       total 92160K, used 9783K [0x00000000a0000000, 0x00000000a5a00000, 0x00000000e0000000)
  object space 92160K, 10% used [0x00000000a0000000,0x00000000a098dc88,0x00000000a5a00000)
 Metaspace       used 30999K, capacity 31440K, committed 31616K, reserved 1077248K
  class space    used 4219K, capacity 4407K, committed 4480K, reserved 1048576K
GC Heap History (10 events):
Event: 1.839 GC heap before
{Heap before GC invocations=3 (full 0):
 PSYoungGen      total 57344K, used 43938K [0x00000000e0000000, 0x00000000e4000000, 0x0000000100000000)
  eden space 49152K, 72% used [0x00000000e0000000,0x00000000e22ec638,0x00000000e3000000)
  from space 8192K, 99% used [0x00000000e3800000,0x00000000e3ffc588,0x00000000e4000000)
  to   space 8192K, 0% used [0x00000000e3000000,0x00000000e3000000,0x00000000e3800000)
 ParOldGen       total 131072K, used 702K [0x00000000a0000000, 0x00000000a8000000, 0x00000000e0000000)
  object space 131072K, 0% used [0x00000000a0000000,0x00000000a00af970,0x00000000a8000000)
 Metaspace       used 20768K, capacity 21104K, committed 21248K, reserved 1067008K
  class space    used 2862K, capacity 3021K, committed 3072K, reserved 1048576K
Event: 1.846 GC heap after
Heap after GC invocations=3 (full 0):
 PSYoungGen      total 57344K, used 8188K [0x00000000e0000000, 0x00000000e4000000, 0x0000000100000000)
  eden space 49152K, 0% used [0x00000000e0000000,0x00000000e0000000,0x00000000e3000000)
  from space 8192K, 99% used [0x00000000e3000000,0x00000000e37ff218,0x00000000e3800000)
  to   space 8192K, 0% used [0x00000000e3800000,0x00000000e3800000,0x00000000e4000000)
 ParOldGen       total 131072K, used 2562K [0x00000000a0000000, 0x00000000a8000000, 0x00000000e0000000)
  object space 131072K, 1% used [0x00000000a0000000,0x00000000a0280810,0x00000000a8000000)
 Metaspace       used 20768K, capacity 21104K, committed 21248K, reserved 1067008K
  class space    used 2862K, capacity 3021K, committed 3072K, reserved 1048576K
}
Event: 1.846 GC heap before
{Heap before GC invocations=4 (full 1):
 PSYoungGen      total 57344K, used 8188K [0x00000000e0000000, 0x00000000e4000000, 0x0000000100000000)
  eden space 49152K, 0% used [0x00000000e0000000,0x00000000e0000000,0x00000000e3000000)
  from space 8192K, 99% used [0x00000000e3000000,0x00000000e37ff218,0x00000000e3800000)
  to   space 8192K, 0% used [0x00000000e3800000,0x00000000e3800000,0x00000000e4000000)
 ParOldGen       total 131072K, used 2562K [0x00000000a0000000, 0x00000000a8000000, 0x00000000e0000000)
  object space 131072K, 1% used [0x00000000a0000000,0x00000000a0280810,0x00000000a8000000)
 Metaspace       used 20768K, capacity 21104K, committed 21248K, reserved 1067008K
  class space    used 2862K, capacity 3021K, committed 3072K, reserved 1048576K
Event: 1.875 GC heap after
Heap after GC invocations=4 (full 1):
 PSYoungGen      total 57344K, used 0K [0x00000000e0000000, 0x00000000e4000000, 0x0000000100000000)
  eden space 49152K, 0% used [0x00000000e0000000,0x00000000e0000000,0x00000000e3000000)
  from space 8192K, 0% used [0x00000000e3000000,0x00000000e3000000,0x00000000e3800000)
  to   space 8192K, 0% used [0x00000000e3800000,0x00000000e3800000,0x00000000e4000000)
 ParOldGen       total 92160K, used 9695K [0x00000000a0000000, 0x00000000a5a00000, 0x00000000e0000000)
  object space 92160K, 10% used [0x00000000a0000000,0x00000000a0977c78,0x00000000a5a00000)
 Metaspace       used 20768K, capacity 21104K, committed 21248K, reserved 1067008K
  class space    used 2862K, capacity 3021K, committed 3072K, reserved 1048576K
}
Event: 2.274 GC heap before
{Heap before GC invocations=5 (full 1):
 PSYoungGen      total 57344K, used 49152K [0x00000000e0000000, 0x00000000e4000000, 0x0000000100000000)
  eden space 49152K, 100% used [0x00000000e0000000,0x00000000e3000000,0x00000000e3000000)
  from space 8192K, 0% used [0x00000000e3000000,0x00000000e3000000,0x00000000e3800000)
  to   space 8192K, 0% used [0x00000000e3800000,0x00000000e3800000,0x00000000e4000000)
 ParOldGen       total 92160K, used 9695K [0x00000000a0000000, 0x00000000a5a00000, 0x00000000e0000000)
  object space 92160K, 10% used [0x00000000a0000000,0x00000000a0977c78,0x00000000a5a00000)
 Metaspace       used 24352K, capacity 24834K, committed 25088K, reserved 1071104K
  class space    used 3362K, capacity 3552K, committed 3584K, reserved 1048576K
Event: 2.279 GC heap after
Heap after GC invocations=5 (full 1):
 PSYoungGen      total 57344K, used 5662K [0x00000000e0000000, 0x00000000e5300000, 0x0000000100000000)
  eden space 49152K, 0% used [0x00000000e0000000,0x00000000e0000000,0x00000000e3000000)
  from space 8192K, 69% used [0x00000000e3800000,0x00000000e3d87a68,0x00000000e4000000)
  to   space 8192K, 0% used [0x00000000e3000000,0x00000000e3000000,0x00000000e3800000)
 ParOldGen       total 92160K, used 9703K [0x00000000a0000000, 0x00000000a5a00000, 0x00000000e0000000)
  object space 92160K, 10% used [0x00000000a0000000,0x00000000a0979c78,0x00000000a5a00000)
 Metaspace       used 24352K, capacity 24834K, committed 25088K, reserved 1071104K
  class space    used 3362K, capacity 3552K, committed 3584K, reserved 1048576K
}
Event: 2.657 GC heap before
{Heap before GC invocations=6 (full 1):
 PSYoungGen      total 57344K, used 54814K [0x00000000e0000000, 0x00000000e5300000, 0x0000000100000000)
  eden space 49152K, 100% used [0x00000000e0000000,0x00000000e3000000,0x00000000e3000000)
  from space 8192K, 69% used [0x00000000e3800000,0x00000000e3d87a68,0x00000000e4000000)
  to   space 8192K, 0% used [0x00000000e3000000,0x00000000e3000000,0x00000000e3800000)
 ParOldGen       total 92160K, used 9703K [0x00000000a0000000, 0x00000000a5a00000, 0x00000000e0000000)
  object space 92160K, 10% used [0x00000000a0000000,0x00000000a0979c78,0x00000000a5a00000)
 Metaspace       used 27876K, capacity 28306K, committed 28416K, reserved 1073152K
  class space    used 3878K, capacity 4046K, committed 4096K, reserved 1048576K
Event: 2.662 GC heap after
Heap after GC invocations=6 (full 1):
 PSYoungGen      total 57344K, used 7245K [0x00000000e0000000, 0x00000000e5980000, 0x0000000100000000)
  eden space 49152K, 0% used [0x00000000e0000000,0x00000000e0000000,0x00000000e3000000)
  from space 8192K, 88% used [0x00000000e3000000,0x00000000e3713508,0x00000000e3800000)
  to   space 11264K, 0% used [0x00000000e4e80000,0x00000000e4e80000,0x00000000e5980000)
 ParOldGen       total 92160K, used 9711K [0x00000000a0000000, 0x00000000a5a00000, 0x00000000e0000000)
  object space 92160K, 10% used [0x00000000a0000000,0x00000000a097bc78,0x00000000a5a00000)
 Metaspace       used 27876K, capacity 28306K, committed 28416K, reserved 1073152K
  class space    used 3878K, capacity 4046K, committed 4096K, reserved 1048576K
}
Event: 3.102 GC heap before
{Heap before GC invocations=7 (full 1):
 PSYoungGen      total 57344K, used 56397K [0x00000000e0000000, 0x00000000e5980000, 0x0000000100000000)
  eden space 49152K, 100% used [0x00000000e0000000,0x00000000e3000000,0x00000000e3000000)
  from space 8192K, 88% used [0x00000000e3000000,0x00000000e3713508,0x00000000e3800000)
  to   space 11264K, 0% used [0x00000000e4e80000,0x00000000e4e80000,0x00000000e5980000)
 ParOldGen       total 92160K, used 9711K [0x00000000a0000000, 0x00000000a5a00000, 0x00000000e0000000)
  object space 92160K, 10% used [0x00000000a0000000,0x00000000a097bc78,0x00000000a5a00000)
 Metaspace       used 30081K, capacity 30482K, committed 30720K, reserved 1075200K
  class space    used 4082K, capacity 4238K, committed 4352K, reserved 1048576K
Event: 3.107 GC heap after
Heap after GC invocations=7 (full 1):
 PSYoungGen      total 79360K, used 5802K [0x00000000e0000000, 0x00000000e5880000, 0x0000000100000000)
  eden space 69120K, 0% used [0x00000000e0000000,0x00000000e0000000,0x00000000e4380000)
  from space 10240K, 56% used [0x00000000e4e80000,0x00000000e542a980,0x00000000e5880000)
  to   space 10752K, 0% used [0x00000000e4380000,0x00000000e4380000,0x00000000e4e00000)
 ParOldGen       total 92160K, used 9783K [0x00000000a0000000, 0x00000000a5a00000, 0x00000000e0000000)
  object space 92160K, 10% used [0x00000000a0000000,0x00000000a098dc88,0x00000000a5a00000)
 Metaspace       used 30081K, capacity 30482K, committed 30720K, reserved 1075200K
  class space    used 4082K, capacity 4238K, committed 4352K, reserved 1048576K
}

