# JRE version: OpenJDK Runtime Environment (8.0_152-b01) (build 1.8.0_152-release-915-b01)
# Java VM: OpenJDK 64-Bit Server VM (25.152-b01 mixed mode windows-amd64 compressed oops)
Heap:
 PSYoungGen      total 99328K, used 82365K [0x00000000e0000000, 0x00000000e7380000, 0x0000000100000000)
  eden space 92672K, 82% used [0x00000000e0000000,0x00000000e4a49bd8,0x00000000e5a80000)
  from space 6656K, 94% used [0x00000000e6d00000,0x00000000e7325b80,0x00000000e7380000)
  to   space 12288K, 0% used [0x00000000e5b80000,0x00000000e5b80000,0x00000000e6780000)
 ParOldGen       total 89600K, used 16445K [0x00000000a0000000, 0x00000000a5780000, 0x00000000e0000000)
  object space 89600K, 18% used [0x00000000a0000000,0x00000000a100f5a0,0x00000000a5780000)
 Metaspace       used 46806K, capacity 47868K, committed 48216K, reserved 1091584K
  class space    used 6307K, capacity 6704K, committed 6784K, reserved 1048576K
GC Heap History (10 events):
Event: 3.108 GC heap before
{Heap before GC invocations=6 (full 1):
 PSYoungGen      total 57344K, used 54129K [0x00000000e0000000, 0x00000000e5300000, 0x0000000100000000)
  eden space 49152K, 100% used [0x00000000e0000000,0x00000000e3000000,0x00000000e3000000)
  from space 8192K, 60% used [0x00000000e3800000,0x00000000e3cdc7b8,0x00000000e4000000)
  to   space 8192K, 0% used [0x00000000e3000000,0x00000000e3000000,0x00000000e3800000)
 ParOldGen       total 89600K, used 9541K [0x00000000a0000000, 0x00000000a5780000, 0x00000000e0000000)
  object space 89600K, 10% used [0x00000000a0000000,0x00000000a0951418,0x00000000a5780000)
 Metaspace       used 28195K, capacity 28834K, committed 29056K, reserved 1075200K
  class space    used 3908K, capacity 4149K, committed 4224K, reserved 1048576K
Event: 3.113 GC heap after
Heap after GC invocations=6 (full 1):
 PSYoungGen      total 57344K, used 8189K [0x00000000e0000000, 0x00000000e5a00000, 0x0000000100000000)
  eden space 49152K, 0% used [0x00000000e0000000,0x00000000e0000000,0x00000000e3000000)
  from space 8192K, 99% used [0x00000000e3000000,0x00000000e37ff4e8,0x00000000e3800000)
  to   space 11776K, 0% used [0x00000000e4e80000,0x00000000e4e80000,0x00000000e5a00000)
 ParOldGen       total 89600K, used 9549K [0x00000000a0000000, 0x00000000a5780000, 0x00000000e0000000)
  object space 89600K, 10% used [0x00000000a0000000,0x00000000a0953418,0x00000000a5780000)
 Metaspace       used 28195K, capacity 28834K, committed 29056K, reserved 1075200K
  class space    used 3908K, capacity 4149K, committed 4224K, reserved 1048576K
}
Event: 3.593 GC heap before
{Heap before GC invocations=7 (full 1):
 PSYoungGen      total 57344K, used 57341K [0x00000000e0000000, 0x00000000e5a00000, 0x0000000100000000)
  eden space 49152K, 100% used [0x00000000e0000000,0x00000000e3000000,0x00000000e3000000)
  from space 8192K, 99% used [0x00000000e3000000,0x00000000e37ff4e8,0x00000000e3800000)
  to   space 11776K, 0% used [0x00000000e4e80000,0x00000000e4e80000,0x00000000e5a00000)
 ParOldGen       total 89600K, used 9549K [0x00000000a0000000, 0x00000000a5780000, 0x00000000e0000000)
  object space 89600K, 10% used [0x00000000a0000000,0x00000000a0953418,0x00000000a5780000)
 Metaspace       used 31376K, capacity 32054K, committed 32256K, reserved 1077248K
  class space    used 4321K, capacity 4584K, committed 4608K, reserved 1048576K
Event: 3.598 GC heap after
Heap after GC invocations=7 (full 1):
 PSYoungGen      total 80384K, used 8273K [0x00000000e0000000, 0x00000000e5980000, 0x0000000100000000)
  eden space 69120K, 0% used [0x00000000e0000000,0x00000000e0000000,0x00000000e4380000)
  from space 11264K, 73% used [0x00000000e4e80000,0x00000000e5694520,0x00000000e5980000)
  to   space 11264K, 0% used [0x00000000e4380000,0x00000000e4380000,0x00000000e4e80000)
 ParOldGen       total 89600K, used 9557K [0x00000000a0000000, 0x00000000a5780000, 0x00000000e0000000)
  object space 89600K, 10% used [0x00000000a0000000,0x00000000a0955418,0x00000000a5780000)
 Metaspace       used 31376K, capacity 32054K, committed 32256K, reserved 1077248K
  class space    used 4321K, capacity 4584K, committed 4608K, reserved 1048576K
}
Event: 4.190 GC heap before
{Heap before GC invocations=8 (full 1):
 PSYoungGen      total 80384K, used 61529K [0x00000000e0000000, 0x00000000e5980000, 0x0000000100000000)
  eden space 69120K, 77% used [0x00000000e0000000,0x00000000e3402288,0x00000000e4380000)
  from space 11264K, 73% used [0x00000000e4e80000,0x00000000e5694520,0x00000000e5980000)
  to   space 11264K, 0% used [0x00000000e4380000,0x00000000e4380000,0x00000000e4e80000)
 ParOldGen       total 89600K, used 9557K [0x00000000a0000000, 0x00000000a5780000, 0x00000000e0000000)
  object space 89600K, 10% used [0x00000000a0000000,0x00000000a0955418,0x00000000a5780000)
 Metaspace       used 34432K, capacity 35188K, committed 35416K, reserved 1079296K
  class space    used 4694K, capacity 4974K, committed 4992K, reserved 1048576K
Event: 4.199 GC heap after
Heap after GC invocations=8 (full 1):
 PSYoungGen      total 80384K, used 10431K [0x00000000e0000000, 0x00000000e7900000, 0x0000000100000000)
  eden space 69120K, 0% used [0x00000000e0000000,0x00000000e0000000,0x00000000e4380000)
  from space 11264K, 92% used [0x00000000e4380000,0x00000000e4dafd00,0x00000000e4e80000)
  to   space 12288K, 0% used [0x00000000e6d00000,0x00000000e6d00000,0x00000000e7900000)
 ParOldGen       total 89600K, used 9629K [0x00000000a0000000, 0x00000000a5780000, 0x00000000e0000000)
  object space 89600K, 10% used [0x00000000a0000000,0x00000000a0967428,0x00000000a5780000)
 Metaspace       used 34432K, capacity 35188K, committed 35416K, reserved 1079296K
  class space    used 4694K, capacity 4974K, committed 4992K, reserved 1048576K
}
Event: 4.199 GC heap before
{Heap before GC invocations=9 (full 2):
 PSYoungGen      total 80384K, used 10431K [0x00000000e0000000, 0x00000000e7900000, 0x0000000100000000)
  eden space 69120K, 0% used [0x00000000e0000000,0x00000000e0000000,0x00000000e4380000)
  from space 11264K, 92% used [0x00000000e4380000,0x00000000e4dafd00,0x00000000e4e80000)
  to   space 12288K, 0% used [0x00000000e6d00000,0x00000000e6d00000,0x00000000e7900000)
 ParOldGen       total 89600K, used 9629K [0x00000000a0000000, 0x00000000a5780000, 0x00000000e0000000)
  object space 89600K, 10% used [0x00000000a0000000,0x00000000a0967428,0x00000000a5780000)
 Metaspace       used 34432K, capacity 35188K, committed 35416K, reserved 1079296K
  class space    used 4694K, capacity 4974K, committed 4992K, reserved 1048576K
Event: 4.265 GC heap after
Heap after GC invocations=9 (full 2):
 PSYoungGen      total 80384K, used 0K [0x00000000e0000000, 0x00000000e7900000, 0x0000000100000000)
  eden space 69120K, 0% used [0x00000000e0000000,0x00000000e0000000,0x00000000e4380000)
  from space 11264K, 0% used [0x00000000e4380000,0x00000000e4380000,0x00000000e4e80000)
  to   space 12288K, 0% used [0x00000000e6d00000,0x00000000e6d00000,0x00000000e7900000)
 ParOldGen       total 89600K, used 16437K [0x00000000a0000000, 0x00000000a5780000, 0x00000000e0000000)
  object space 89600K, 18% used [0x00000000a0000000,0x00000000a100d5a0,0x00000000a5780000)
 Metaspace       used 34432K, capacity 35188K, committed 35416K, reserved 1079296K
  class space    used 4694K, capacity 4974K, committed 4992K, reserved 1048576K
}
Event: 4.784 GC heap before
{Heap before GC invocations=10 (full 2):
 PSYoungGen      total 80384K, used 69120K [0x00000000e0000000, 0x00000000e7900000, 0x0000000100000000)
  eden space 69120K, 100% used [0x00000000e0000000,0x00000000e4380000,0x00000000e4380000)
  from space 11264K, 0% used [0x00000000e4380000,0x00000000e4380000,0x00000000e4e80000)
  to   space 12288K, 0% used [0x00000000e6d00000,0x00000000e6d00000,0x00000000e7900000)
 ParOldGen       total 89600K, used 16437K [0x00000000a0000000, 0x00000000a5780000, 0x00000000e0000000)
  object space 89600K, 18% used [0x00000000a0000000,0x00000000a100d5a0,0x00000000a5780000)
 Metaspace       used 40520K, capacity 41296K, committed 41688K, reserved 1085440K
  class space    used 5436K, capacity 5793K, committed 5888K, reserved 1048576K
Event: 4.791 GC heap after
Heap after GC invocations=10 (full 2):
 PSYoungGen      total 99328K, used 6294K [0x00000000e0000000, 0x00000000e7380000, 0x0000000100000000)
  eden space 92672K, 0% used [0x00000000e0000000,0x00000000e0000000,0x00000000e5a80000)
  from space 6656K, 94% used [0x00000000e6d00000,0x00000000e7325b80,0x00000000e7380000)
  to   space 12288K, 0% used [0x00000000e5b80000,0x00000000e5b80000,0x00000000e6780000)
 ParOldGen       total 89600K, used 16445K [0x00000000a0000000, 0x00000000a5780000, 0x00000000e0000000)
  object space 89600K, 18% used [0x00000000a0000000,0x00000000a100f5a0,0x00000000a5780000)
 Metaspace       used 40520K, capacity 41296K, committed 41688K, reserved 1085440K
  class space    used 5436K, capacity 5793K, committed 5888K, reserved 1048576K
}

