# JRE version: OpenJDK Runtime Environment (8.0_152-b01) (build 1.8.0_152-release-915-b01)
# Java VM: OpenJDK 64-Bit Server VM (25.152-b01 mixed mode windows-amd64 compressed oops)
Heap:
 PSYoungGen      total 80896K, used 61333K [0x00000000e0000000, 0x00000000e7980000, 0x0000000100000000)
  eden space 69632K, 88% used [0x00000000e0000000,0x00000000e3be5760,0x00000000e4400000)
  from space 11264K, 0% used [0x00000000e4400000,0x00000000e4400000,0x00000000e4f00000)
  to   space 12288K, 0% used [0x00000000e6d80000,0x00000000e6d80000,0x00000000e7980000)
 ParOldGen       total 90624K, used 16434K [0x00000000a0000000, 0x00000000a5880000, 0x00000000e0000000)
  object space 90624K, 18% used [0x00000000a0000000,0x00000000a100cad0,0x00000000a5880000)
 Metaspace       used 39032K, capacity 39862K, committed 40192K, reserved 1083392K
  class space    used 5269K, capacity 5596K, committed 5632K, reserved 1048576K
GC Heap History (10 events):
Event: 2.536 GC heap before
{Heap before GC invocations=5 (full 1):
 PSYoungGen      total 57344K, used 49152K [0x00000000e0000000, 0x00000000e4000000, 0x0000000100000000)
  eden space 49152K, 100% used [0x00000000e0000000,0x00000000e3000000,0x00000000e3000000)
  from space 8192K, 0% used [0x00000000e3000000,0x00000000e3000000,0x00000000e3800000)
  to   space 8192K, 0% used [0x00000000e3800000,0x00000000e3800000,0x00000000e4000000)
 ParOldGen       total 90624K, used 9494K [0x00000000a0000000, 0x00000000a5880000, 0x00000000e0000000)
  object space 90624K, 10% used [0x00000000a0000000,0x00000000a0945918,0x00000000a5880000)
 Metaspace       used 24474K, capacity 24876K, committed 25088K, reserved 1071104K
  class space    used 3377K, capacity 3537K, committed 3584K, reserved 1048576K
Event: 2.540 GC heap after
Heap after GC invocations=5 (full 1):
 PSYoungGen      total 57344K, used 4946K [0x00000000e0000000, 0x00000000e5300000, 0x0000000100000000)
  eden space 49152K, 0% used [0x00000000e0000000,0x00000000e0000000,0x00000000e3000000)
  from space 8192K, 60% used [0x00000000e3800000,0x00000000e3cd4aa8,0x00000000e4000000)
  to   space 8192K, 0% used [0x00000000e3000000,0x00000000e3000000,0x00000000e3800000)
 ParOldGen       total 90624K, used 9502K [0x00000000a0000000, 0x00000000a5880000, 0x00000000e0000000)
  object space 90624K, 10% used [0x00000000a0000000,0x00000000a0947918,0x00000000a5880000)
 Metaspace       used 24474K, capacity 24876K, committed 25088K, reserved 1071104K
  class space    used 3377K, capacity 3537K, committed 3584K, reserved 1048576K
}
Event: 3.118 GC heap before
{Heap before GC invocations=6 (full 1):
 PSYoungGen      total 57344K, used 54098K [0x00000000e0000000, 0x00000000e5300000, 0x0000000100000000)
  eden space 49152K, 100% used [0x00000000e0000000,0x00000000e3000000,0x00000000e3000000)
  from space 8192K, 60% used [0x00000000e3800000,0x00000000e3cd4aa8,0x00000000e4000000)
  to   space 8192K, 0% used [0x00000000e3000000,0x00000000e3000000,0x00000000e3800000)
 ParOldGen       total 90624K, used 9502K [0x00000000a0000000, 0x00000000a5880000, 0x00000000e0000000)
  object space 90624K, 10% used [0x00000000a0000000,0x00000000a0947918,0x00000000a5880000)
 Metaspace       used 28212K, capacity 28834K, committed 29056K, reserved 1075200K
  class space    used 3908K, capacity 4149K, committed 4224K, reserved 1048576K
Event: 3.124 GC heap after
Heap after GC invocations=6 (full 1):
 PSYoungGen      total 57344K, used 8098K [0x00000000e0000000, 0x00000000e5a00000, 0x0000000100000000)
  eden space 49152K, 0% used [0x00000000e0000000,0x00000000e0000000,0x00000000e3000000)
  from space 8192K, 98% used [0x00000000e3000000,0x00000000e37e8830,0x00000000e3800000)
  to   space 11264K, 0% used [0x00000000e4f00000,0x00000000e4f00000,0x00000000e5a00000)
 ParOldGen       total 90624K, used 9510K [0x00000000a0000000, 0x00000000a5880000, 0x00000000e0000000)
  object space 90624K, 10% used [0x00000000a0000000,0x00000000a0949918,0x00000000a5880000)
 Metaspace       used 28212K, capacity 28834K, committed 29056K, reserved 1075200K
  class space    used 3908K, capacity 4149K, committed 4224K, reserved 1048576K
}
Event: 3.562 GC heap before
{Heap before GC invocations=7 (full 1):
 PSYoungGen      total 57344K, used 57250K [0x00000000e0000000, 0x00000000e5a00000, 0x0000000100000000)
  eden space 49152K, 100% used [0x00000000e0000000,0x00000000e3000000,0x00000000e3000000)
  from space 8192K, 98% used [0x00000000e3000000,0x00000000e37e8830,0x00000000e3800000)
  to   space 11264K, 0% used [0x00000000e4f00000,0x00000000e4f00000,0x00000000e5a00000)
 ParOldGen       total 90624K, used 9510K [0x00000000a0000000, 0x00000000a5880000, 0x00000000e0000000)
  object space 90624K, 10% used [0x00000000a0000000,0x00000000a0949918,0x00000000a5880000)
 Metaspace       used 31391K, capacity 32054K, committed 32256K, reserved 1077248K
  class space    used 4321K, capacity 4584K, committed 4608K, reserved 1048576K
Event: 3.567 GC heap after
Heap after GC invocations=7 (full 1):
 PSYoungGen      total 80896K, used 8218K [0x00000000e0000000, 0x00000000e5a80000, 0x0000000100000000)
  eden space 69632K, 0% used [0x00000000e0000000,0x00000000e0000000,0x00000000e4400000)
  from space 11264K, 72% used [0x00000000e4f00000,0x00000000e57069a0,0x00000000e5a00000)
  to   space 11264K, 0% used [0x00000000e4400000,0x00000000e4400000,0x00000000e4f00000)
 ParOldGen       total 90624K, used 9518K [0x00000000a0000000, 0x00000000a5880000, 0x00000000e0000000)
  object space 90624K, 10% used [0x00000000a0000000,0x00000000a094b918,0x00000000a5880000)
 Metaspace       used 31391K, capacity 32054K, committed 32256K, reserved 1077248K
  class space    used 4321K, capacity 4584K, committed 4608K, reserved 1048576K
}
Event: 4.063 GC heap before
{Heap before GC invocations=8 (full 1):
 PSYoungGen      total 80896K, used 62388K [0x00000000e0000000, 0x00000000e5a80000, 0x0000000100000000)
  eden space 69632K, 77% used [0x00000000e0000000,0x00000000e34e6750,0x00000000e4400000)
  from space 11264K, 72% used [0x00000000e4f00000,0x00000000e57069a0,0x00000000e5a00000)
  to   space 11264K, 0% used [0x00000000e4400000,0x00000000e4400000,0x00000000e4f00000)
 ParOldGen       total 90624K, used 9518K [0x00000000a0000000, 0x00000000a5880000, 0x00000000e0000000)
  object space 90624K, 10% used [0x00000000a0000000,0x00000000a094b918,0x00000000a5880000)
 Metaspace       used 34405K, capacity 35188K, committed 35416K, reserved 1079296K
  class space    used 4694K, capacity 4974K, committed 4992K, reserved 1048576K
Event: 4.069 GC heap after
Heap after GC invocations=8 (full 1):
 PSYoungGen      total 80896K, used 10415K [0x00000000e0000000, 0x00000000e7980000, 0x0000000100000000)
  eden space 69632K, 0% used [0x00000000e0000000,0x00000000e0000000,0x00000000e4400000)
  from space 11264K, 92% used [0x00000000e4400000,0x00000000e4e2bd10,0x00000000e4f00000)
  to   space 12288K, 0% used [0x00000000e6d80000,0x00000000e6d80000,0x00000000e7980000)
 ParOldGen       total 90624K, used 9590K [0x00000000a0000000, 0x00000000a5880000, 0x00000000e0000000)
  object space 90624K, 10% used [0x00000000a0000000,0x00000000a095d928,0x00000000a5880000)
 Metaspace       used 34405K, capacity 35188K, committed 35416K, reserved 1079296K
  class space    used 4694K, capacity 4974K, committed 4992K, reserved 1048576K
}
Event: 4.069 GC heap before
{Heap before GC invocations=9 (full 2):
 PSYoungGen      total 80896K, used 10415K [0x00000000e0000000, 0x00000000e7980000, 0x0000000100000000)
  eden space 69632K, 0% used [0x00000000e0000000,0x00000000e0000000,0x00000000e4400000)
  from space 11264K, 92% used [0x00000000e4400000,0x00000000e4e2bd10,0x00000000e4f00000)
  to   space 12288K, 0% used [0x00000000e6d80000,0x00000000e6d80000,0x00000000e7980000)
 ParOldGen       total 90624K, used 9590K [0x00000000a0000000, 0x00000000a5880000, 0x00000000e0000000)
  object space 90624K, 10% used [0x00000000a0000000,0x00000000a095d928,0x00000000a5880000)
 Metaspace       used 34405K, capacity 35188K, committed 35416K, reserved 1079296K
  class space    used 4694K, capacity 4974K, committed 4992K, reserved 1048576K
Event: 4.127 GC heap after
Heap after GC invocations=9 (full 2):
 PSYoungGen      total 80896K, used 0K [0x00000000e0000000, 0x00000000e7980000, 0x0000000100000000)
  eden space 69632K, 0% used [0x00000000e0000000,0x00000000e0000000,0x00000000e4400000)
  from space 11264K, 0% used [0x00000000e4400000,0x00000000e4400000,0x00000000e4f00000)
  to   space 12288K, 0% used [0x00000000e6d80000,0x00000000e6d80000,0x00000000e7980000)
 ParOldGen       total 90624K, used 16434K [0x00000000a0000000, 0x00000000a5880000, 0x00000000e0000000)
  object space 90624K, 18% used [0x00000000a0000000,0x00000000a100cad0,0x00000000a5880000)
 Metaspace       used 34405K, capacity 35188K, committed 35416K, reserved 1079296K
  class space    used 4694K, capacity 4974K, committed 4992K, reserved 1048576K
}

