# JRE version: OpenJDK Runtime Environment (8.0_152-b01) (build 1.8.0_152-release-915-b01)
# Java VM: OpenJDK 64-Bit Server VM (25.152-b01 mixed mode windows-amd64 compressed oops)
Heap:
 PSYoungGen      total 57344K, used 46209K [0x00000000e0000000, 0x00000000e5980000, 0x0000000100000000)
  eden space 49152K, 77% used [0x00000000e0000000,0x00000000e2525280,0x00000000e3000000)
  from space 8192K, 99% used [0x00000000e3000000,0x00000000e37fb4f8,0x00000000e3800000)
  to   space 11264K, 0% used [0x00000000e4e80000,0x00000000e4e80000,0x00000000e5980000)
 ParOldGen       total 89600K, used 9510K [0x00000000a0000000, 0x00000000a5780000, 0x00000000e0000000)
  object space 89600K, 10% used [0x00000000a0000000,0x00000000a09498a0,0x00000000a5780000)
 Metaspace       used 31832K, capacity 32468K, committed 32640K, reserved 1077248K
  class space    used 4395K, capacity 4656K, committed 4736K, reserved 1048576K
GC Heap History (10 events):
Event: 1.374 GC heap before
{Heap before GC invocations=2 (full 0):
 PSYoungGen      total 57344K, used 54981K [0x00000000e0000000, 0x00000000e4000000, 0x0000000100000000)
  eden space 49152K, 100% used [0x00000000e0000000,0x00000000e3000000,0x00000000e3000000)
  from space 8192K, 71% used [0x00000000e3000000,0x00000000e35b16d0,0x00000000e3800000)
  to   space 8192K, 0% used [0x00000000e3800000,0x00000000e3800000,0x00000000e4000000)
 ParOldGen       total 131072K, used 16K [0x00000000a0000000, 0x00000000a8000000, 0x00000000e0000000)
  object space 131072K, 0% used [0x00000000a0000000,0x00000000a0004000,0x00000000a8000000)
 Metaspace       used 14763K, capacity 15120K, committed 15360K, reserved 1062912K
  class space    used 2082K, capacity 2220K, committed 2304K, reserved 1048576K
Event: 1.380 GC heap after
Heap after GC invocations=2 (full 0):
 PSYoungGen      total 57344K, used 8161K [0x00000000e0000000, 0x00000000e4000000, 0x0000000100000000)
  eden space 49152K, 0% used [0x00000000e0000000,0x00000000e0000000,0x00000000e3000000)
  from space 8192K, 99% used [0x00000000e3800000,0x00000000e3ff8598,0x00000000e4000000)
  to   space 8192K, 0% used [0x00000000e3000000,0x00000000e3000000,0x00000000e3800000)
 ParOldGen       total 131072K, used 730K [0x00000000a0000000, 0x00000000a8000000, 0x00000000e0000000)
  object space 131072K, 0% used [0x00000000a0000000,0x00000000a00b6b60,0x00000000a8000000)
 Metaspace       used 14763K, capacity 15120K, committed 15360K, reserved 1062912K
  class space    used 2082K, capacity 2220K, committed 2304K, reserved 1048576K
}
Event: 1.988 GC heap before
{Heap before GC invocations=3 (full 0):
 PSYoungGen      total 57344K, used 44003K [0x00000000e0000000, 0x00000000e4000000, 0x0000000100000000)
  eden space 49152K, 72% used [0x00000000e0000000,0x00000000e2300838,0x00000000e3000000)
  from space 8192K, 99% used [0x00000000e3800000,0x00000000e3ff8598,0x00000000e4000000)
  to   space 8192K, 0% used [0x00000000e3000000,0x00000000e3000000,0x00000000e3800000)
 ParOldGen       total 131072K, used 730K [0x00000000a0000000, 0x00000000a8000000, 0x00000000e0000000)
  object space 131072K, 0% used [0x00000000a0000000,0x00000000a00b6b60,0x00000000a8000000)
 Metaspace       used 20727K, capacity 21124K, committed 21248K, reserved 1067008K
  class space    used 2876K, capacity 3039K, committed 3072K, reserved 1048576K
Event: 1.995 GC heap after
Heap after GC invocations=3 (full 0):
 PSYoungGen      total 57344K, used 8171K [0x00000000e0000000, 0x00000000e4000000, 0x0000000100000000)
  eden space 49152K, 0% used [0x00000000e0000000,0x00000000e0000000,0x00000000e3000000)
  from space 8192K, 99% used [0x00000000e3000000,0x00000000e37facc8,0x00000000e3800000)
  to   space 8192K, 0% used [0x00000000e3800000,0x00000000e3800000,0x00000000e4000000)
 ParOldGen       total 131072K, used 2344K [0x00000000a0000000, 0x00000000a8000000, 0x00000000e0000000)
  object space 131072K, 1% used [0x00000000a0000000,0x00000000a024a380,0x00000000a8000000)
 Metaspace       used 20727K, capacity 21124K, committed 21248K, reserved 1067008K
  class space    used 2876K, capacity 3039K, committed 3072K, reserved 1048576K
}
Event: 1.995 GC heap before
{Heap before GC invocations=4 (full 1):
 PSYoungGen      total 57344K, used 8171K [0x00000000e0000000, 0x00000000e4000000, 0x0000000100000000)
  eden space 49152K, 0% used [0x00000000e0000000,0x00000000e0000000,0x00000000e3000000)
  from space 8192K, 99% used [0x00000000e3000000,0x00000000e37facc8,0x00000000e3800000)
  to   space 8192K, 0% used [0x00000000e3800000,0x00000000e3800000,0x00000000e4000000)
 ParOldGen       total 131072K, used 2344K [0x00000000a0000000, 0x00000000a8000000, 0x00000000e0000000)
  object space 131072K, 1% used [0x00000000a0000000,0x00000000a024a380,0x00000000a8000000)
 Metaspace       used 20727K, capacity 21124K, committed 21248K, reserved 1067008K
  class space    used 2876K, capacity 3039K, committed 3072K, reserved 1048576K
Event: 2.021 GC heap after
Heap after GC invocations=4 (full 1):
 PSYoungGen      total 57344K, used 0K [0x00000000e0000000, 0x00000000e4000000, 0x0000000100000000)
  eden space 49152K, 0% used [0x00000000e0000000,0x00000000e0000000,0x00000000e3000000)
  from space 8192K, 0% used [0x00000000e3000000,0x00000000e3000000,0x00000000e3800000)
  to   space 8192K, 0% used [0x00000000e3800000,0x00000000e3800000,0x00000000e4000000)
 ParOldGen       total 89600K, used 9494K [0x00000000a0000000, 0x00000000a5780000, 0x00000000e0000000)
  object space 89600K, 10% used [0x00000000a0000000,0x00000000a09458a0,0x00000000a5780000)
 Metaspace       used 20727K, capacity 21124K, committed 21248K, reserved 1067008K
  class space    used 2876K, capacity 3039K, committed 3072K, reserved 1048576K
}
Event: 2.514 GC heap before
{Heap before GC invocations=5 (full 1):
 PSYoungGen      total 57344K, used 49152K [0x00000000e0000000, 0x00000000e4000000, 0x0000000100000000)
  eden space 49152K, 100% used [0x00000000e0000000,0x00000000e3000000,0x00000000e3000000)
  from space 8192K, 0% used [0x00000000e3000000,0x00000000e3000000,0x00000000e3800000)
  to   space 8192K, 0% used [0x00000000e3800000,0x00000000e3800000,0x00000000e4000000)
 ParOldGen       total 89600K, used 9494K [0x00000000a0000000, 0x00000000a5780000, 0x00000000e0000000)
  object space 89600K, 10% used [0x00000000a0000000,0x00000000a09458a0,0x00000000a5780000)
 Metaspace       used 24457K, capacity 24876K, committed 25088K, reserved 1071104K
  class space    used 3376K, capacity 3537K, committed 3584K, reserved 1048576K
Event: 2.517 GC heap after
Heap after GC invocations=5 (full 1):
 PSYoungGen      total 57344K, used 4946K [0x00000000e0000000, 0x00000000e5380000, 0x0000000100000000)
  eden space 49152K, 0% used [0x00000000e0000000,0x00000000e0000000,0x00000000e3000000)
  from space 8192K, 60% used [0x00000000e3800000,0x00000000e3cd4aa8,0x00000000e4000000)
  to   space 8192K, 0% used [0x00000000e3000000,0x00000000e3000000,0x00000000e3800000)
 ParOldGen       total 89600K, used 9502K [0x00000000a0000000, 0x00000000a5780000, 0x00000000e0000000)
  object space 89600K, 10% used [0x00000000a0000000,0x00000000a09478a0,0x00000000a5780000)
 Metaspace       used 24457K, capacity 24876K, committed 25088K, reserved 1071104K
  class space    used 3376K, capacity 3537K, committed 3584K, reserved 1048576K
}
Event: 3.142 GC heap before
{Heap before GC invocations=6 (full 1):
 PSYoungGen      total 57344K, used 54098K [0x00000000e0000000, 0x00000000e5380000, 0x0000000100000000)
  eden space 49152K, 100% used [0x00000000e0000000,0x00000000e3000000,0x00000000e3000000)
  from space 8192K, 60% used [0x00000000e3800000,0x00000000e3cd4aa8,0x00000000e4000000)
  to   space 8192K, 0% used [0x00000000e3000000,0x00000000e3000000,0x00000000e3800000)
 ParOldGen       total 89600K, used 9502K [0x00000000a0000000, 0x00000000a5780000, 0x00000000e0000000)
  object space 89600K, 10% used [0x00000000a0000000,0x00000000a09478a0,0x00000000a5780000)
 Metaspace       used 28203K, capacity 28834K, committed 29056K, reserved 1075200K
  class space    used 3908K, capacity 4149K, committed 4224K, reserved 1048576K
Event: 3.148 GC heap after
Heap after GC invocations=6 (full 1):
 PSYoungGen      total 57344K, used 8173K [0x00000000e0000000, 0x00000000e5980000, 0x0000000100000000)
  eden space 49152K, 0% used [0x00000000e0000000,0x00000000e0000000,0x00000000e3000000)
  from space 8192K, 99% used [0x00000000e3000000,0x00000000e37fb4f8,0x00000000e3800000)
  to   space 11264K, 0% used [0x00000000e4e80000,0x00000000e4e80000,0x00000000e5980000)
 ParOldGen       total 89600K, used 9510K [0x00000000a0000000, 0x00000000a5780000, 0x00000000e0000000)
  object space 89600K, 10% used [0x00000000a0000000,0x00000000a09498a0,0x00000000a5780000)
 Metaspace       used 28203K, capacity 28834K, committed 29056K, reserved 1075200K
  class space    used 3908K, capacity 4149K, committed 4224K, reserved 1048576K
}

