# JRE version: OpenJDK Runtime Environment (8.0_152-b01) (build 1.8.0_152-release-915-b01)
# Java VM: OpenJDK 64-Bit Server VM (25.152-b01 mixed mode windows-amd64 compressed oops)
Heap:
 PSYoungGen      total 78848K, used 34456K [0x00000000e0000000, 0x00000000e5a00000, 0x0000000100000000)
  eden space 67584K, 50% used [0x00000000e0000000,0x00000000e21a61e0,0x00000000e4200000)
  from space 11264K, 0% used [0x00000000e4200000,0x00000000e4200000,0x00000000e4d00000)
  to   space 11264K, 0% used [0x00000000e4d00000,0x00000000e4d00000,0x00000000e5800000)
 ParOldGen       total 91648K, used 16465K [0x00000000a0000000, 0x00000000a5980000, 0x00000000e0000000)
  object space 91648K, 17% used [0x00000000a0000000,0x00000000a1014748,0x00000000a5980000)
 Metaspace       used 38398K, capacity 39174K, committed 39256K, reserved 1083392K
  class space    used 5185K, capacity 5500K, committed 5504K, reserved 1048576K
GC Heap History (10 events):
Event: 2.346 GC heap before
{Heap before GC invocations=5 (full 1):
 PSYoungGen      total 57344K, used 49152K [0x00000000e0000000, 0x00000000e4000000, 0x0000000100000000)
  eden space 49152K, 100% used [0x00000000e0000000,0x00000000e3000000,0x00000000e3000000)
  from space 8192K, 0% used [0x00000000e3000000,0x00000000e3000000,0x00000000e3800000)
  to   space 8192K, 0% used [0x00000000e3800000,0x00000000e3800000,0x00000000e4000000)
 ParOldGen       total 91648K, used 9492K [0x00000000a0000000, 0x00000000a5980000, 0x00000000e0000000)
  object space 91648K, 10% used [0x00000000a0000000,0x00000000a0945210,0x00000000a5980000)
 Metaspace       used 24451K, capacity 24924K, committed 25088K, reserved 1071104K
  class space    used 3371K, capacity 3537K, committed 3584K, reserved 1048576K
Event: 2.349 GC heap after
Heap after GC invocations=5 (full 1):
 PSYoungGen      total 57344K, used 5048K [0x00000000e0000000, 0x00000000e5200000, 0x0000000100000000)
  eden space 49152K, 0% used [0x00000000e0000000,0x00000000e0000000,0x00000000e3000000)
  from space 8192K, 61% used [0x00000000e3800000,0x00000000e3cee1a0,0x00000000e4000000)
  to   space 8192K, 0% used [0x00000000e3000000,0x00000000e3000000,0x00000000e3800000)
 ParOldGen       total 91648K, used 9500K [0x00000000a0000000, 0x00000000a5980000, 0x00000000e0000000)
  object space 91648K, 10% used [0x00000000a0000000,0x00000000a0947210,0x00000000a5980000)
 Metaspace       used 24451K, capacity 24924K, committed 25088K, reserved 1071104K
  class space    used 3371K, capacity 3537K, committed 3584K, reserved 1048576K
}
Event: 2.986 GC heap before
{Heap before GC invocations=6 (full 1):
 PSYoungGen      total 57344K, used 54200K [0x00000000e0000000, 0x00000000e5200000, 0x0000000100000000)
  eden space 49152K, 100% used [0x00000000e0000000,0x00000000e3000000,0x00000000e3000000)
  from space 8192K, 61% used [0x00000000e3800000,0x00000000e3cee1a0,0x00000000e4000000)
  to   space 8192K, 0% used [0x00000000e3000000,0x00000000e3000000,0x00000000e3800000)
 ParOldGen       total 91648K, used 9500K [0x00000000a0000000, 0x00000000a5980000, 0x00000000e0000000)
  object space 91648K, 10% used [0x00000000a0000000,0x00000000a0947210,0x00000000a5980000)
 Metaspace       used 28193K, capacity 28818K, committed 29056K, reserved 1075200K
  class space    used 3894K, capacity 4149K, committed 4224K, reserved 1048576K
Event: 2.992 GC heap after
Heap after GC invocations=6 (full 1):
 PSYoungGen      total 57344K, used 8160K [0x00000000e0000000, 0x00000000e5800000, 0x0000000100000000)
  eden space 49152K, 0% used [0x00000000e0000000,0x00000000e0000000,0x00000000e3000000)
  from space 8192K, 99% used [0x00000000e3000000,0x00000000e37f83a8,0x00000000e3800000)
  to   space 11264K, 0% used [0x00000000e4d00000,0x00000000e4d00000,0x00000000e5800000)
 ParOldGen       total 91648K, used 9578K [0x00000000a0000000, 0x00000000a5980000, 0x00000000e0000000)
  object space 91648K, 10% used [0x00000000a0000000,0x00000000a095abb0,0x00000000a5980000)
 Metaspace       used 28193K, capacity 28818K, committed 29056K, reserved 1075200K
  class space    used 3894K, capacity 4149K, committed 4224K, reserved 1048576K
}
Event: 3.435 GC heap before
{Heap before GC invocations=7 (full 1):
 PSYoungGen      total 57344K, used 57312K [0x00000000e0000000, 0x00000000e5800000, 0x0000000100000000)
  eden space 49152K, 100% used [0x00000000e0000000,0x00000000e3000000,0x00000000e3000000)
  from space 8192K, 99% used [0x00000000e3000000,0x00000000e37f83a8,0x00000000e3800000)
  to   space 11264K, 0% used [0x00000000e4d00000,0x00000000e4d00000,0x00000000e5800000)
 ParOldGen       total 91648K, used 9578K [0x00000000a0000000, 0x00000000a5980000, 0x00000000e0000000)
  object space 91648K, 10% used [0x00000000a0000000,0x00000000a095abb0,0x00000000a5980000)
 Metaspace       used 31384K, capacity 32006K, committed 32256K, reserved 1077248K
  class space    used 4307K, capacity 4552K, committed 4608K, reserved 1048576K
Event: 3.442 GC heap after
Heap after GC invocations=7 (full 1):
 PSYoungGen      total 78848K, used 8218K [0x00000000e0000000, 0x00000000e5a00000, 0x0000000100000000)
  eden space 67584K, 0% used [0x00000000e0000000,0x00000000e0000000,0x00000000e4200000)
  from space 11264K, 72% used [0x00000000e4d00000,0x00000000e5506980,0x00000000e5800000)
  to   space 11264K, 0% used [0x00000000e4200000,0x00000000e4200000,0x00000000e4d00000)
 ParOldGen       total 91648K, used 9586K [0x00000000a0000000, 0x00000000a5980000, 0x00000000e0000000)
  object space 91648K, 10% used [0x00000000a0000000,0x00000000a095cbb0,0x00000000a5980000)
 Metaspace       used 31384K, capacity 32006K, committed 32256K, reserved 1077248K
  class space    used 4307K, capacity 4552K, committed 4608K, reserved 1048576K
}
Event: 3.961 GC heap before
{Heap before GC invocations=8 (full 1):
 PSYoungGen      total 78848K, used 60690K [0x00000000e0000000, 0x00000000e5a00000, 0x0000000100000000)
  eden space 67584K, 77% used [0x00000000e0000000,0x00000000e333e1d8,0x00000000e4200000)
  from space 11264K, 72% used [0x00000000e4d00000,0x00000000e5506980,0x00000000e5800000)
  to   space 11264K, 0% used [0x00000000e4200000,0x00000000e4200000,0x00000000e4d00000)
 ParOldGen       total 91648K, used 9586K [0x00000000a0000000, 0x00000000a5980000, 0x00000000e0000000)
  object space 91648K, 10% used [0x00000000a0000000,0x00000000a095cbb0,0x00000000a5980000)
 Metaspace       used 34404K, capacity 35172K, committed 35416K, reserved 1079296K
  class space    used 4682K, capacity 4974K, committed 4992K, reserved 1048576K
Event: 3.968 GC heap after
Heap after GC invocations=8 (full 1):
 PSYoungGen      total 78848K, used 10470K [0x00000000e0000000, 0x00000000e5a00000, 0x0000000100000000)
  eden space 67584K, 0% used [0x00000000e0000000,0x00000000e0000000,0x00000000e4200000)
  from space 11264K, 92% used [0x00000000e4200000,0x00000000e4c398c0,0x00000000e4d00000)
  to   space 11264K, 0% used [0x00000000e4d00000,0x00000000e4d00000,0x00000000e5800000)
 ParOldGen       total 91648K, used 9658K [0x00000000a0000000, 0x00000000a5980000, 0x00000000e0000000)
  object space 91648K, 10% used [0x00000000a0000000,0x00000000a096ebc0,0x00000000a5980000)
 Metaspace       used 34404K, capacity 35172K, committed 35416K, reserved 1079296K
  class space    used 4682K, capacity 4974K, committed 4992K, reserved 1048576K
}
Event: 3.968 GC heap before
{Heap before GC invocations=9 (full 2):
 PSYoungGen      total 78848K, used 10470K [0x00000000e0000000, 0x00000000e5a00000, 0x0000000100000000)
  eden space 67584K, 0% used [0x00000000e0000000,0x00000000e0000000,0x00000000e4200000)
  from space 11264K, 92% used [0x00000000e4200000,0x00000000e4c398c0,0x00000000e4d00000)
  to   space 11264K, 0% used [0x00000000e4d00000,0x00000000e4d00000,0x00000000e5800000)
 ParOldGen       total 91648K, used 9658K [0x00000000a0000000, 0x00000000a5980000, 0x00000000e0000000)
  object space 91648K, 10% used [0x00000000a0000000,0x00000000a096ebc0,0x00000000a5980000)
 Metaspace       used 34404K, capacity 35172K, committed 35416K, reserved 1079296K
  class space    used 4682K, capacity 4974K, committed 4992K, reserved 1048576K
Event: 4.026 GC heap after
Heap after GC invocations=9 (full 2):
 PSYoungGen      total 78848K, used 0K [0x00000000e0000000, 0x00000000e5a00000, 0x0000000100000000)
  eden space 67584K, 0% used [0x00000000e0000000,0x00000000e0000000,0x00000000e4200000)
  from space 11264K, 0% used [0x00000000e4200000,0x00000000e4200000,0x00000000e4d00000)
  to   space 11264K, 0% used [0x00000000e4d00000,0x00000000e4d00000,0x00000000e5800000)
 ParOldGen       total 91648K, used 16465K [0x00000000a0000000, 0x00000000a5980000, 0x00000000e0000000)
  object space 91648K, 17% used [0x00000000a0000000,0x00000000a1014748,0x00000000a5980000)
 Metaspace       used 34404K, capacity 35172K, committed 35416K, reserved 1079296K
  class space    used 4682K, capacity 4974K, committed 4992K, reserved 1048576K
}

